Temp/gradleOut/unityLibrary/build/outputs/logs/manifest-merger-release-report.txt
-- Merging decision tree log ---
manifest
ADDED from src\main\AndroidManifest.xml:2:1-37:12
INJECTED from src\main\AndroidManifest.xml:2:1-37:12
INJECTED from src\main\AndroidManifest.xml:2:1-37:12
INJECTED from src\main\AndroidManifest.xml:2:1-37:12
INJECTED from src\main\AndroidManifest.xml:2:1-37:12
INJECTED from src\main\AndroidManifest.xml:2:1-37:12
INJECTED from src\main\AndroidManifest.xml:2:1-37:12
	package
		ADDED from src\main\AndroidManifest.xml:2:70-98
		INJECTED from src\main\AndroidManifest.xml
		INJECTED from src\main\AndroidManifest.xml
	android:versionName
		INJECTED from src\main\AndroidManifest.xml
		ADDED from src\main\AndroidManifest.xml:2:1-37:12
		INJECTED from src\main\AndroidManifest.xml
	xmlns:tools
		ADDED from src\main\AndroidManifest.xml:2:99-145
	android:versionCode
		INJECTED from src\main\AndroidManifest.xml
		ADDED from src\main\AndroidManifest.xml:2:1-37:12
		INJECTED from src\main\AndroidManifest.xml
	xmlns:android
		ADDED from src\main\AndroidManifest.xml:2:11-69
	android:installLocation
		ADDED from src\main\AndroidManifest.xml:2:146-186
supports-screens
ADDED from src\main\AndroidManifest.xml:3:3-163
	android:largeScreens
		ADDED from src\main\AndroidManifest.xml:3:78-105
	android:smallScreens
		ADDED from src\main\AndroidManifest.xml:3:21-48
	android:normalScreens
		ADDED from src\main\AndroidManifest.xml:3:49-77
	android:xlargeScreens
		ADDED from src\main\AndroidManifest.xml:3:106-134
	android:anyDensity
		ADDED from src\main\AndroidManifest.xml:3:135-160
application
ADDED from src\main\AndroidManifest.xml:4:3-18:17
	android:screenOrientation
		ADDED from src\main\AndroidManifest.xml:4:167-204
	android:requestLegacyExternalStorage
		ADDED from src\main\AndroidManifest.xml:4:123-166
	android:label
		ADDED from src\main\AndroidManifest.xml:4:90-122
	android:icon
		ADDED from src\main\AndroidManifest.xml:4:58-89
	android:theme
		ADDED from src\main\AndroidManifest.xml:4:16-57
activity#com.jiotesseract.mr.sdk.JmrUnityActivity
ADDED from src\main\AndroidManifest.xml:5:5-13:16
	android:screenOrientation
		ADDED from src\main\AndroidManifest.xml:5:104-141
	android:label
		ADDED from src\main\AndroidManifest.xml:5:71-103
	android:launchMode
		ADDED from src\main\AndroidManifest.xml:5:142-173
	android:hardwareAccelerated
		ADDED from src\main\AndroidManifest.xml:5:356-391
	android:configChanges
		ADDED from src\main\AndroidManifest.xml:5:174-355
	android:name
		ADDED from src\main\AndroidManifest.xml:5:15-70
intent-filter#action:name:android.intent.action.MAIN+category:name:android.intent.category.LAUNCHER+category:name:tesseract.intent.category.MR_LAUNCHER
ADDED from src\main\AndroidManifest.xml:6:7-10:23
action#android.intent.action.MAIN
ADDED from src\main\AndroidManifest.xml:7:9-61
	android:name
		ADDED from src\main\AndroidManifest.xml:7:17-58
category#android.intent.category.LAUNCHER
ADDED from src\main\AndroidManifest.xml:8:9-69
	android:name
		ADDED from src\main\AndroidManifest.xml:8:19-66
category#tesseract.intent.category.MR_LAUNCHER
ADDED from src\main\AndroidManifest.xml:9:9-74
	android:name
		ADDED from src\main\AndroidManifest.xml:9:19-71
meta-data#unityplayer.UnityActivity
ADDED from src\main\AndroidManifest.xml:11:7-82
	android:value
		ADDED from src\main\AndroidManifest.xml:11:59-79
	android:name
		ADDED from src\main\AndroidManifest.xml:11:18-58
meta-data#android.notch_support
ADDED from src\main\AndroidManifest.xml:12:7-78
	android:value
		ADDED from src\main\AndroidManifest.xml:12:55-75
	android:name
		ADDED from src\main\AndroidManifest.xml:12:18-54
meta-data#unity.splash-mode
ADDED from src\main\AndroidManifest.xml:14:5-69
	android:value
		ADDED from src\main\AndroidManifest.xml:14:49-66
	android:name
		ADDED from src\main\AndroidManifest.xml:14:16-48
meta-data#unity.splash-enable
ADDED from src\main\AndroidManifest.xml:15:5-74
	android:value
		ADDED from src\main\AndroidManifest.xml:15:51-71
	android:name
		ADDED from src\main\AndroidManifest.xml:15:16-50
meta-data#notch.config
ADDED from src\main\AndroidManifest.xml:16:5-81
	android:value
		ADDED from src\main\AndroidManifest.xml:16:44-78
	android:name
		ADDED from src\main\AndroidManifest.xml:16:16-43
meta-data#unity.build-id
ADDED from src\main\AndroidManifest.xml:17:5-101
	android:value
		ADDED from src\main\AndroidManifest.xml:17:46-98
	android:name
		ADDED from src\main\AndroidManifest.xml:17:16-45
uses-permission#android.permission.RECORD_AUDIO
ADDED from src\main\AndroidManifest.xml:24:3-89
	tools:node
		ADDED from src\main\AndroidManifest.xml:24:67-86
	android:name
		ADDED from src\main\AndroidManifest.xml:24:20-66
uses-permission#android.permission.WRITE_EXTERNAL_STORAGE
ADDED from src\main\AndroidManifest.xml:25:3-99
	tools:node
		ADDED from src\main\AndroidManifest.xml:25:77-96
	android:name
		ADDED from src\main\AndroidManifest.xml:25:20-76
uses-permission#android.permission.READ_EXTERNAL_STORAGE
ADDED from src\main\AndroidManifest.xml:26:3-98
	tools:node
		ADDED from src\main\AndroidManifest.xml:26:76-95
	android:name
		ADDED from src\main\AndroidManifest.xml:26:20-75
uses-permission#android.permission.READ_PHONE_STATE
ADDED from src\main\AndroidManifest.xml:27:3-93
	tools:node
		ADDED from src\main\AndroidManifest.xml:27:71-90
	android:name
		ADDED from src\main\AndroidManifest.xml:27:20-70
uses-permission#android.permission.READ_PRIVILEGED_PHONE_STATE
ADDED from src\main\AndroidManifest.xml:28:3-104
	tools:node
		ADDED from src\main\AndroidManifest.xml:28:82-101
	android:name
		ADDED from src\main\AndroidManifest.xml:28:20-81
uses-permission#android.permission.WAKE_LOCK
ADDED from src\main\AndroidManifest.xml:29:3-66
	android:name
		ADDED from src\main\AndroidManifest.xml:29:20-63
uses-feature#0x00020000
ADDED from src\main\AndroidManifest.xml:30:3-52
	android:glEsVersion
		ADDED from src\main\AndroidManifest.xml:30:17-49
uses-permission#android.permission.MODIFY_AUDIO_SETTINGS
ADDED from src\main\AndroidManifest.xml:31:3-78
	android:name
		ADDED from src\main\AndroidManifest.xml:31:20-75
uses-permission#android.permission.BLUETOOTH
ADDED from src\main\AndroidManifest.xml:32:3-66
	android:name
		ADDED from src\main\AndroidManifest.xml:32:20-63
uses-feature#android.hardware.microphone
ADDED from src\main\AndroidManifest.xml:33:3-87
	android:required
		ADDED from src\main\AndroidManifest.xml:33:60-84
	android:name
		ADDED from src\main\AndroidManifest.xml:33:17-59
uses-feature#android.hardware.touchscreen
ADDED from src\main\AndroidManifest.xml:34:3-88
	android:required
		ADDED from src\main\AndroidManifest.xml:34:61-85
	android:name
		ADDED from src\main\AndroidManifest.xml:34:17-60
uses-feature#android.hardware.touchscreen.multitouch
ADDED from src\main\AndroidManifest.xml:35:3-99
	android:required
		ADDED from src\main\AndroidManifest.xml:35:72-96
	android:name
		ADDED from src\main\AndroidManifest.xml:35:17-71
uses-feature#android.hardware.touchscreen.multitouch.distinct
ADDED from src\main\AndroidManifest.xml:36:3-108
	android:required
		ADDED from src\main\AndroidManifest.xml:36:81-105
	android:name
		ADDED from src\main\AndroidManifest.xml:36:17-80
uses-sdk
INJECTED from src\main\AndroidManifest.xml reason: use-sdk injection requested
INJECTED from src\main\AndroidManifest.xml
INJECTED from src\main\AndroidManifest.xml
INJECTED from src\main\AndroidManifest.xml
INJECTED from src\main\AndroidManifest.xml
	android:targetSdkVersion
		INJECTED from src\main\AndroidManifest.xml
		ADDED from src\main\AndroidManifest.xml
		INJECTED from src\main\AndroidManifest.xml
	android:minSdkVersion
		INJECTED from src\main\AndroidManifest.xml
		ADDED from src\main\AndroidManifest.xml
		INJECTED from src\main\AndroidManifest.xml